[16:48:58] [main/INFO]: Loading Minecraft 1.21.1 with Fabric Loader 0.16.3
[16:48:58] [main/INFO]: Loading 4 mods:
	- fabricloader 0.16.3
	   \-- mixinextras 0.4.1
	- java 21
	- minecraft 1.21.1
[16:48:58] [main/INFO]: SpongePowered MIXIN Subsystem Version=0.8.7 Source=file:/workspaces/ksmp/servidor_minecraft/libraries/net/fabricmc/sponge-mixin/0.15.2+mixin.0.8.7/sponge-mixin-0.15.2+mixin.0.8.7.jar Service=Knot/Fabric Env=SERVER
[16:49:07] [main/INFO]: Environment: Environment[sessionHost=https://sessionserver.mojang.com, servicesHost=https://api.minecraftservices.com, name=PROD]
[16:49:09] [main/INFO]: No existing world data, creating new world
[16:49:10] [main/INFO]: Loaded 1290 recipes
[16:49:11] [main/INFO]: Loaded 1399 advancements
[16:49:11] [Server thread/INFO]: Starting minecraft server version 1.21.1
[16:49:11] [Server thread/INFO]: Loading properties
[16:49:11] [Server thread/INFO]: Default game type: SURVIVAL
[16:49:11] [Server thread/INFO]: Generating keypair
[16:49:12] [Server thread/INFO]: Starting Minecraft server on *:25565
[16:49:12] [Server thread/INFO]: Using epoll channel type
[16:49:12] [Server thread/WARN]: **** SERVER IS RUNNING IN OFFLINE/INSECURE MODE!
[16:49:12] [Server thread/WARN]: The server will make no attempt to authenticate usernames. Beware.
[16:49:12] [Server thread/WARN]: While this makes the game possible to play without internet access, it also opens up the ability for hackers to connect with any username they choose.
[16:49:12] [Server thread/WARN]: To change this, set "online-mode" to "true" in the server.properties file.
[16:49:12] [Server thread/INFO]: Preparing level "world"
[16:49:26] [Server thread/INFO]: Preparing start region for dimension minecraft:overworld
[16:49:26] [Worker-Main-1/INFO]: Preparing spawn area: 2%
[16:49:27] [Worker-Main-1/INFO]: Preparing spawn area: 2%
[16:49:28] [Worker-Main-1/INFO]: Preparing spawn area: 2%
[16:49:28] [Worker-Main-1/INFO]: Preparing spawn area: 2%
[16:49:28] [Worker-Main-1/INFO]: Preparing spawn area: 2%
[16:49:29] [Worker-Main-1/INFO]: Preparing spawn area: 2%
[16:49:29] [Worker-Main-1/INFO]: Preparing spawn area: 2%
[16:49:30] [Worker-Main-1/INFO]: Preparing spawn area: 2%
[16:49:30] [Worker-Main-1/INFO]: Preparing spawn area: 2%
[16:49:31] [Worker-Main-1/INFO]: Preparing spawn area: 2%
[16:49:31] [Worker-Main-1/INFO]: Preparing spawn area: 2%
[16:49:32] [Worker-Main-1/INFO]: Preparing spawn area: 2%
[16:49:32] [Worker-Main-1/INFO]: Preparing spawn area: 2%
[16:49:33] [Worker-Main-1/INFO]: Preparing spawn area: 2%
[16:49:33] [Worker-Main-1/INFO]: Preparing spawn area: 2%
[16:49:35] [Worker-Main-1/INFO]: Preparing spawn area: 2%
[16:49:35] [Worker-Main-1/INFO]: Preparing spawn area: 2%
[16:49:35] [Worker-Main-1/INFO]: Preparing spawn area: 2%
[16:49:35] [Worker-Main-1/INFO]: Preparing spawn area: 2%
[16:49:36] [Worker-Main-1/INFO]: Preparing spawn area: 2%
[16:49:36] [Worker-Main-1/INFO]: Preparing spawn area: 2%
[16:49:37] [Worker-Main-1/INFO]: Preparing spawn area: 2%
[16:49:37] [Worker-Main-1/INFO]: Preparing spawn area: 2%
[16:49:38] [Worker-Main-1/INFO]: Preparing spawn area: 2%
[16:49:38] [Worker-Main-1/INFO]: Preparing spawn area: 51%
[16:49:39] [Server thread/INFO]: Time elapsed: 12839 ms
[16:49:39] [Server thread/INFO]: Done (27.366s)! For help, type "help"
[16:50:55] [Server thread/INFO]: jozxxmv[/127.79.77.205:57077] logged in with entity id 3 at (39.5, 78.0, -17.5)
[16:50:55] [Server thread/INFO]: jozxxmv joined the game
[16:52:03] [Server thread/INFO]: jozxxmv lost connection: Disconnected
[16:52:03] [Server thread/INFO]: jozxxmv left the game
[16:52:14] [Server thread/INFO]: Stopping the server
[16:52:14] [Server thread/INFO]: Stopping server
[16:52:14] [Server thread/INFO]: Saving players
[16:52:14] [Server thread/INFO]: Saving worlds
[16:52:14] [Server thread/INFO]: Saving chunks for level 'ServerLevel[world]'/minecraft:overworld
[16:52:15] [Server thread/INFO]: Saving chunks for level 'ServerLevel[world]'/minecraft:the_nether
[16:52:15] [Server thread/INFO]: Saving chunks for level 'ServerLevel[world]'/minecraft:the_end
[16:52:15] [Server thread/INFO]: ThreadedAnvilChunkStorage (world): All chunks are saved
[16:52:15] [Server thread/INFO]: ThreadedAnvilChunkStorage (DIM-1): All chunks are saved
[16:52:15] [Server thread/INFO]: ThreadedAnvilChunkStorage (DIM1): All chunks are saved
[16:52:15] [Server thread/INFO]: ThreadedAnvilChunkStorage: All dimensions are saved
